{
  "MiniTest": {
    "coverage": {
      "/home/action/workspace/appsrails/app/models/post.rb": [
        1,
        null
      ],
      "/home/action/workspace/appsrails/app/helpers/application_helper.rb": [
        1,
        null
      ],
      "/home/action/workspace/appsrails/app/helpers/posts_helper.rb": [
        1,
        null
      ],
      "/home/action/workspace/appsrails/app/helpers/welcome_helper.rb": [
        1,
        null
      ]
    },
    "timestamp": 1416307129
  },
  "RSpec": {
    "coverage": {
    },
    "timestamp": 1416306582
  }
}
