{
  "MiniTest": {
    "coverage": {
      "/home/vagrant/appsrails/app/models/commit.rb": [
        1,
        1,
        null
      ],
      "/home/vagrant/appsrails/app/models/post.rb": [
        1,
        1,
        null
      ],
      "/home/vagrant/appsrails/app/helpers/application_helper.rb": [
        1,
        null
      ],
      "/home/vagrant/appsrails/app/helpers/commits_helper.rb": [
        1,
        null
      ],
      "/home/vagrant/appsrails/app/helpers/posts_helper.rb": [
        1,
        null
      ],
      "/home/vagrant/appsrails/app/helpers/welcome_helper.rb": [
        1,
        null
      ]
    },
    "timestamp": 1416323434
  },
  "RSpec": {
    "coverage": {
      "/home/vagrant/appsrails/app/helpers/application_helper.rb": [
        1,
        null
      ],
      "/home/vagrant/appsrails/app/helpers/posts_helper.rb": [
        1,
        1,
        0,
        null,
        null
      ],
      "/home/vagrant/appsrails/app/helpers/welcome_helper.rb": [
        1,
        1,
        0,
        null,
        null
      ],
      "/home/vagrant/appsrails/app/controllers/posts_controller.rb": [
        1,
        1,
        null,
        null,
        null,
        1,
        1,
        null,
        null,
        null,
        null,
        1,
        null,
        null,
        null,
        1,
        1,
        null,
        null,
        null,
        1,
        null,
        null,
        null,
        null,
        1,
        0,
        null,
        0,
        0,
        0,
        0,
        null,
        0,
        0,
        null,
        null,
        null,
        null,
        null,
        null,
        1,
        0,
        0,
        0,
        0,
        null,
        0,
        0,
        null,
        null,
        null,
        null,
        null,
        null,
        1,
        0,
        0,
        0,
        0,
        null,
        null,
        null,
        1,
        null,
        1,
        0,
        null,
        null,
        null,
        1,
        0,
        null,
        null
      ],
      "/home/vagrant/appsrails/app/controllers/application_controller.rb": [
        1,
        null,
        null,
        1,
        null
      ],
      "/home/vagrant/appsrails/app/models/post.rb": [
        1,
        null
      ]
    },
    "timestamp": 1422461942
  }
}
